  Foods.cpp
c:\users\fisk\desktop\coding\c++\food tracking\food tracking\foods.cpp(19): warning C4018: '<': signed/unsigned mismatch
c:\users\fisk\desktop\coding\c++\food tracking\food tracking\foods.cpp(70): warning C4018: '<': signed/unsigned mismatch
c:\users\fisk\desktop\coding\c++\food tracking\food tracking\foods.cpp(90): warning C4018: '<': signed/unsigned mismatch
c:\users\fisk\desktop\coding\c++\food tracking\food tracking\foods.cpp(141): warning C4018: '<': signed/unsigned mismatch
c:\users\fisk\desktop\coding\c++\food tracking\food tracking\foods.cpp(149): warning C4018: '<': signed/unsigned mismatch
  main.cpp
c:\users\fisk\desktop\coding\c++\food tracking\food tracking\main.cpp(151): warning C4018: '<': signed/unsigned mismatch
c:\users\fisk\desktop\coding\c++\food tracking\food tracking\main.cpp(165): warning C4018: '<': signed/unsigned mismatch
c:\users\fisk\desktop\coding\c++\food tracking\food tracking\main.cpp(185): warning C4018: '<': signed/unsigned mismatch
c:\users\fisk\desktop\coding\c++\food tracking\food tracking\main.cpp(202): warning C4018: '<': signed/unsigned mismatch
c:\users\fisk\desktop\coding\c++\food tracking\food tracking\main.cpp(203): warning C4244: 'argument': conversion from 'float' to 'int', possible loss of data
c:\users\fisk\desktop\coding\c++\food tracking\food tracking\main.cpp(236): warning C4018: '<': signed/unsigned mismatch
c:\users\fisk\desktop\coding\c++\food tracking\food tracking\main.cpp(250): warning C4018: '<': signed/unsigned mismatch
c:\users\fisk\desktop\coding\c++\food tracking\food tracking\main.cpp(252): warning C4018: '<': signed/unsigned mismatch
c:\users\fisk\desktop\coding\c++\food tracking\food tracking\main.cpp(266): warning C4018: '<': signed/unsigned mismatch
c:\users\fisk\desktop\coding\c++\food tracking\food tracking\main.cpp(267): warning C4018: '<': signed/unsigned mismatch
c:\users\fisk\desktop\coding\c++\food tracking\food tracking\main.cpp(284): warning C4018: '<': signed/unsigned mismatch
c:\users\fisk\desktop\coding\c++\food tracking\food tracking\main.cpp(289): warning C4018: '<': signed/unsigned mismatch
c:\users\fisk\desktop\coding\c++\food tracking\food tracking\main.cpp(296): warning C4018: '>': signed/unsigned mismatch
c:\users\fisk\desktop\coding\c++\food tracking\food tracking\main.cpp(300): warning C4018: '<': signed/unsigned mismatch
c:\users\fisk\desktop\coding\c++\food tracking\food tracking\main.cpp(314): warning C4018: '<': signed/unsigned mismatch
c:\users\fisk\desktop\coding\c++\food tracking\food tracking\main.cpp(316): warning C4018: '<': signed/unsigned mismatch
c:\users\fisk\desktop\coding\c++\food tracking\food tracking\main.cpp(344): warning C4018: '<': signed/unsigned mismatch
c:\users\fisk\desktop\coding\c++\food tracking\food tracking\main.cpp(346): warning C4018: '<': signed/unsigned mismatch
c:\users\fisk\desktop\coding\c++\food tracking\food tracking\main.cpp(394): warning C4018: '<': signed/unsigned mismatch
c:\users\fisk\desktop\coding\c++\food tracking\food tracking\main.cpp(401): warning C4018: '<': signed/unsigned mismatch
c:\users\fisk\desktop\coding\c++\food tracking\food tracking\main.cpp(423): warning C4018: '<': signed/unsigned mismatch
c:\users\fisk\desktop\coding\c++\food tracking\food tracking\main.cpp(476): warning C4018: '<': signed/unsigned mismatch
c:\users\fisk\desktop\coding\c++\food tracking\food tracking\main.cpp(493): warning C4018: '<': signed/unsigned mismatch
c:\users\fisk\desktop\coding\c++\food tracking\food tracking\main.cpp(498): warning C4018: '<': signed/unsigned mismatch
c:\users\fisk\desktop\coding\c++\food tracking\food tracking\main.cpp(514): warning C4018: '<': signed/unsigned mismatch
c:\users\fisk\desktop\coding\c++\food tracking\food tracking\main.cpp(591): warning C4018: '<': signed/unsigned mismatch
c:\users\fisk\desktop\coding\c++\food tracking\food tracking\main.cpp(597): warning C4018: '<': signed/unsigned mismatch
c:\users\fisk\desktop\coding\c++\food tracking\food tracking\main.cpp(599): warning C4018: '<': signed/unsigned mismatch
c:\users\fisk\desktop\coding\c++\food tracking\food tracking\main.cpp(601): warning C4018: '<': signed/unsigned mismatch
c:\users\fisk\desktop\coding\c++\food tracking\food tracking\main.cpp(612): warning C4018: '<': signed/unsigned mismatch
c:\users\fisk\desktop\coding\c++\food tracking\food tracking\main.cpp(617): warning C4018: '<': signed/unsigned mismatch
c:\users\fisk\desktop\coding\c++\food tracking\food tracking\main.cpp(660): warning C4018: '<': signed/unsigned mismatch
c:\users\fisk\desktop\coding\c++\food tracking\food tracking\main.cpp(665): warning C4018: '<': signed/unsigned mismatch
c:\users\fisk\desktop\coding\c++\food tracking\food tracking\main.cpp(667): warning C4018: '<': signed/unsigned mismatch
c:\users\fisk\desktop\coding\c++\food tracking\food tracking\main.cpp(671): warning C4018: '<': signed/unsigned mismatch
c:\users\fisk\desktop\coding\c++\food tracking\food tracking\main.cpp(705): warning C4018: '<': signed/unsigned mismatch
c:\users\fisk\desktop\coding\c++\food tracking\food tracking\main.cpp(709): warning C4018: '>': signed/unsigned mismatch
c:\users\fisk\desktop\coding\c++\food tracking\food tracking\main.cpp(780): warning C4018: '<': signed/unsigned mismatch
c:\users\fisk\desktop\coding\c++\food tracking\food tracking\main.cpp(82): warning C4101: 'flag': unreferenced local variable
c:\users\fisk\desktop\coding\c++\food tracking\food tracking\main.cpp(913): warning C4018: '<': signed/unsigned mismatch
c:\users\fisk\desktop\coding\c++\food tracking\food tracking\main.cpp(955): warning C4018: '<': signed/unsigned mismatch
c:\users\fisk\desktop\coding\c++\food tracking\food tracking\main.cpp(958): warning C4018: '<': signed/unsigned mismatch
c:\users\fisk\desktop\coding\c++\food tracking\food tracking\main.cpp(960): warning C4018: '<': signed/unsigned mismatch
c:\users\fisk\desktop\coding\c++\food tracking\food tracking\main.cpp(967): warning C4018: '<': signed/unsigned mismatch
c:\users\fisk\desktop\coding\c++\food tracking\food tracking\main.cpp(969): warning C4018: '<': signed/unsigned mismatch
c:\users\fisk\desktop\coding\c++\food tracking\food tracking\main.cpp(971): warning C4018: '<': signed/unsigned mismatch
c:\users\fisk\desktop\coding\c++\food tracking\food tracking\main.cpp(972): warning C4018: '<': signed/unsigned mismatch
c:\users\fisk\desktop\coding\c++\food tracking\food tracking\main.cpp(984): warning C4018: '<': signed/unsigned mismatch
c:\users\fisk\desktop\coding\c++\food tracking\food tracking\main.cpp(987): warning C4018: '<': signed/unsigned mismatch
c:\users\fisk\desktop\coding\c++\food tracking\food tracking\main.cpp(1055): warning C4244: '=': conversion from '__int64' to 'unsigned int', possible loss of data
c:\users\fisk\desktop\coding\c++\food tracking\food tracking\main.cpp(1153): warning C4018: '<': signed/unsigned mismatch
c:\users\fisk\desktop\coding\c++\food tracking\food tracking\main.cpp(1167): warning C4018: '<': signed/unsigned mismatch
c:\users\fisk\desktop\coding\c++\food tracking\food tracking\utility.h(26): warning C4018: '<': signed/unsigned mismatch
  c:\users\fisk\desktop\coding\c++\food tracking\food tracking\main.cpp(141): note: see reference to function template instantiation 'void displayVec<Foods>(std::vector<Foods,std::allocator<_Ty>> &,int)' being compiled
          with
          [
              _Ty=Foods
          ]
c:\users\fisk\desktop\coding\c++\food tracking\food tracking\utility.h(48): warning C4018: '<': signed/unsigned mismatch
  c:\users\fisk\desktop\coding\c++\food tracking\food tracking\main.cpp(198): note: see reference to function template instantiation 'int getItem<NutList>(std::vector<NutList,std::allocator<_Ty>> &,std::string,int)' being compiled
          with
          [
              _Ty=NutList
          ]
c:\users\fisk\desktop\coding\c++\food tracking\food tracking\utility.h(56): warning C4018: '>': signed/unsigned mismatch
c:\users\fisk\desktop\coding\c++\food tracking\food tracking\utility.h(70): warning C4018: '<': signed/unsigned mismatch
  c:\users\fisk\desktop\coding\c++\food tracking\food tracking\main.cpp(387): note: see reference to function template instantiation 'int checkVec<Foods>(std::vector<Foods,std::allocator<_Ty>> &,std::string)' being compiled
          with
          [
              _Ty=Foods
          ]
  Generating code
  0 of 1200 functions ( 0.0%) were compiled, the rest were copied from previous compilation.
    0 functions were new in current compilation
    1 functions had inline decision re-evaluated but remain unchanged
  Finished generating code
  Food Tracking.vcxproj -> C:\Users\Fisk\Desktop\Coding\C++\Food Tracking\Release\Food Tracking.exe
